[17/Jun/2026 00:51:32] "GET /painel/bela-meunier/ HTTP/1.1" 200 90735
[17/Jun/2026 00:51:32] "GET /static/css/catalogo.css?v=65 HTTP/1.1" 200 189870
[17/Jun/2026 00:55:19] "GET /painel/bela-meunier/ HTTP/1.1" 200 90735
[17/Jun/2026 00:55:19] "GET /static/css/catalogo.css?v=65 HTTP/1.1" 304 0
[17/Jun/2026 00:55:55] "GET / HTTP/1.1" 200 17290
[17/Jun/2026 00:55:55] "GET /static/css/catalogo.css?v=64 HTTP/1.1" 200 189870
[17/Jun/2026 00:55:56] "GET / HTTP/1.1" 200 17315
[17/Jun/2026 00:55:56,974] - Broken pipe from ('127.0.0.1', 59842)
[17/Jun/2026 00:55:56] "GET /cadastro HTTP/1.1" 301 0
[17/Jun/2026 00:55:56] "GET /entrar HTTP/1.1" 301 0
[17/Jun/2026 00:55:57] "GET /painel HTTP/1.1" 301 0
[17/Jun/2026 00:55:57] "GET /painel/loja-teste-acesso HTTP/1.1" 301 0
[17/Jun/2026 00:55:57] "GET /painel/loja-teste-acesso HTTP/1.1" 301 0
[17/Jun/2026 00:55:57] "GET /painel/loja-teste-acesso/assinatura HTTP/1.1" 301 0
[17/Jun/2026 00:55:57] "GET /painel/bela-meunier HTTP/1.1" 301 0
[17/Jun/2026 00:55:57] "GET /painel/bela-meunier HTTP/1.1" 301 0
[17/Jun/2026 00:55:57] "GET /termos HTTP/1.1" 301 0
[17/Jun/2026 00:55:57] "GET /painel/ HTTP/1.1" 302 0
[17/Jun/2026 00:55:57] "GET /entrar/ HTTP/1.1" 200 4527
[17/Jun/2026 00:55:57] "GET /painel/loja-teste-acesso/ HTTP/1.1" 302 0
[17/Jun/2026 00:55:57] "GET /painel/loja-teste-acesso/ HTTP/1.1" 302 0
[17/Jun/2026 00:55:57] "GET /entrar/?next=/painel/loja-teste-acesso/ HTTP/1.1" 200 4527
[17/Jun/2026 00:55:57] "GET /painel/loja-teste-acesso/assinatura/ HTTP/1.1" 302 0
[17/Jun/2026 00:55:57] "GET /entrar/?next=/painel/loja-teste-acesso/ HTTP/1.1" 200 4527
[17/Jun/2026 00:55:57] "GET /painel/bela-meunier/ HTTP/1.1" 302 0
[17/Jun/2026 00:55:57] "GET /painel/bela-meunier/ HTTP/1.1" 302 0
[17/Jun/2026 00:55:57] "GET /entrar/?next=/painel/bela-meunier/ HTTP/1.1" 200 4527
[17/Jun/2026 00:55:57] "GET /entrar/?next=/painel/bela-meunier/ HTTP/1.1" 200 4527
[17/Jun/2026 00:55:57] "GET /entrar/?next=/painel/loja-teste-acesso/assinatura/ HTTP/1.1" 200 4527
[17/Jun/2026 00:55:57] "GET /entrar/?next=/painel/ HTTP/1.1" 200 4527
[17/Jun/2026 00:55:57] "GET /termos/ HTTP/1.1" 200 2437
[17/Jun/2026 00:55:57] "GET /cadastro/ HTTP/1.1" 200 7389
[17/Jun/2026 00:56:12] "GET /c/bela-meunier/ HTTP/1.1" 200 44537
[17/Jun/2026 00:56:12] "GET /static/css/catalogo.css?v=37 HTTP/1.1" 200 189870
[17/Jun/2026 01:02:48] "GET /c/bela-meunier/ HTTP/1.1" 200 44537
[17/Jun/2026 01:02:48] "GET /static/css/catalogo.css?v=37 HTTP/1.1" 200 205506
[17/Jun/2026 01:03:10] "GET /c/bela-meunier/?categoria=7 HTTP/1.1" 200 37330
[17/Jun/2026 01:03:10] "GET /static/css/catalogo.css?v=37 HTTP/1.1" 304 0
[17/Jun/2026 01:03:11] "GET /c/bela-meunier/?categoria=8 HTTP/1.1" 200 33090
[17/Jun/2026 01:03:12] "GET /c/bela-meunier/?categoria=9 HTTP/1.1" 200 33502
[17/Jun/2026 01:03:13] "GET /loja/bela-meunier/? HTTP/1.1" 200 44540
[17/Jun/2026 01:03:29] "GET /loja/bela-meunier/ HTTP/1.1" 200 44540
[17/Jun/2026 01:03:29] "GET /static/css/catalogo.css?v=37 HTTP/1.1" 200 205663
[17/Jun/2026 01:03:35] "GET /loja/bela-meunier/ HTTP/1.1" 200 44540
[17/Jun/2026 01:03:35] "GET /static/css/catalogo.css?v=37 HTTP/1.1" 304 0
[17/Jun/2026 01:04:04] "GET /c/bela-meunier/produto/10/ HTTP/1.1" 200 8840
[17/Jun/2026 01:04:04] "GET /static/css/catalogo.css?v=37 HTTP/1.1" 304 0
